Performing C SOURCE FILE Test CMAKE_HAVE_LIBC_PTHREAD failed with the following output:
Change Dir: /home/chj/workspace/project/end_3/CMakeFiles/CMakeTmp

Run Build Command(s):/usr/bin/make cmTC_ba966/fast && /usr/bin/make  -f CMakeFiles/cmTC_ba966.dir/build.make CMakeFiles/cmTC_ba966.dir/build
make[1]: Entering directory '/home/chj/workspace/project/end_3/CMakeFiles/CMakeTmp'
Building C object CMakeFiles/cmTC_ba966.dir/src.c.o
/opt/fsl-imx-xwayland/4.14-thud/sysroots/x86_64-pokysdk-linux/usr/bin/aarch64-poky-linux/aarch64-poky-linux-gcc   --sysroot=/opt/fsl-imx-xwayland/4.14-thud/sysroots/aarch64-poky-linux -DCMAKE_HAVE_LIBC_PTHREAD  -O2 -pipe -g -feliminate-unused-debug-types  -o CMakeFiles/cmTC_ba966.dir/src.c.o -c /home/chj/workspace/project/end_3/CMakeFiles/CMakeTmp/src.c
Linking C executable cmTC_ba966
/usr/local/bin/cmake -E cmake_link_script CMakeFiles/cmTC_ba966.dir/link.txt --verbose=1
/opt/fsl-imx-xwayland/4.14-thud/sysroots/x86_64-pokysdk-linux/usr/bin/aarch64-poky-linux/aarch64-poky-linux-gcc   --sysroot=/opt/fsl-imx-xwayland/4.14-thud/sysroots/aarch64-poky-linux -O2 -pipe -g -feliminate-unused-debug-types  CMakeFiles/cmTC_ba966.dir/src.c.o -o cmTC_ba966 
/opt/fsl-imx-xwayland/4.14-thud/sysroots/x86_64-pokysdk-linux/usr/libexec/aarch64-poky-linux/gcc/aarch64-poky-linux/8.2.0/real-ld: CMakeFiles/cmTC_ba966.dir/src.c.o: in function `main':
/home/chj/workspace/project/end_3/CMakeFiles/CMakeTmp/src.c:11: undefined reference to `pthread_create'
/opt/fsl-imx-xwayland/4.14-thud/sysroots/x86_64-pokysdk-linux/usr/libexec/aarch64-poky-linux/gcc/aarch64-poky-linux/8.2.0/real-ld: /home/chj/workspace/project/end_3/CMakeFiles/CMakeTmp/src.c:12: undefined reference to `pthread_detach'
/opt/fsl-imx-xwayland/4.14-thud/sysroots/x86_64-pokysdk-linux/usr/libexec/aarch64-poky-linux/gcc/aarch64-poky-linux/8.2.0/real-ld: /home/chj/workspace/project/end_3/CMakeFiles/CMakeTmp/src.c:13: undefined reference to `pthread_cancel'
/opt/fsl-imx-xwayland/4.14-thud/sysroots/x86_64-pokysdk-linux/usr/libexec/aarch64-poky-linux/gcc/aarch64-poky-linux/8.2.0/real-ld: /home/chj/workspace/project/end_3/CMakeFiles/CMakeTmp/src.c:14: undefined reference to `pthread_join'
collect2: error: ld returned 1 exit status
CMakeFiles/cmTC_ba966.dir/build.make:105: recipe for target 'cmTC_ba966' failed
make[1]: *** [cmTC_ba966] Error 1
make[1]: Leaving directory '/home/chj/workspace/project/end_3/CMakeFiles/CMakeTmp'
Makefile:140: recipe for target 'cmTC_ba966/fast' failed
make: *** [cmTC_ba966/fast] Error 2


Source file was:
#include <pthread.h>

static void* test_func(void* data)
{
  return data;
}

int main(void)
{
  pthread_t thread;
  pthread_create(&thread, NULL, test_func, NULL);
  pthread_detach(thread);
  pthread_cancel(thread);
  pthread_join(thread, NULL);
  pthread_atfork(NULL, NULL, NULL);
  pthread_exit(NULL);

  return 0;
}

Determining if the function pthread_create exists in the pthreads failed with the following output:
Change Dir: /home/chj/workspace/project/end_3/CMakeFiles/CMakeTmp

Run Build Command(s):/usr/bin/make cmTC_94f4a/fast && /usr/bin/make  -f CMakeFiles/cmTC_94f4a.dir/build.make CMakeFiles/cmTC_94f4a.dir/build
make[1]: Entering directory '/home/chj/workspace/project/end_3/CMakeFiles/CMakeTmp'
Building C object CMakeFiles/cmTC_94f4a.dir/CheckFunctionExists.c.o
/opt/fsl-imx-xwayland/4.14-thud/sysroots/x86_64-pokysdk-linux/usr/bin/aarch64-poky-linux/aarch64-poky-linux-gcc   --sysroot=/opt/fsl-imx-xwayland/4.14-thud/sysroots/aarch64-poky-linux   -O2 -pipe -g -feliminate-unused-debug-types -DCHECK_FUNCTION_EXISTS=pthread_create -o CMakeFiles/cmTC_94f4a.dir/CheckFunctionExists.c.o -c /usr/local/share/cmake-3.19/Modules/CheckFunctionExists.c
Linking C executable cmTC_94f4a
/usr/local/bin/cmake -E cmake_link_script CMakeFiles/cmTC_94f4a.dir/link.txt --verbose=1
/opt/fsl-imx-xwayland/4.14-thud/sysroots/x86_64-pokysdk-linux/usr/bin/aarch64-poky-linux/aarch64-poky-linux-gcc   --sysroot=/opt/fsl-imx-xwayland/4.14-thud/sysroots/aarch64-poky-linux -O2 -pipe -g -feliminate-unused-debug-types -DCHECK_FUNCTION_EXISTS=pthread_create CMakeFiles/cmTC_94f4a.dir/CheckFunctionExists.c.o -o cmTC_94f4a  -lpthreads 
/opt/fsl-imx-xwayland/4.14-thud/sysroots/x86_64-pokysdk-linux/usr/libexec/aarch64-poky-linux/gcc/aarch64-poky-linux/8.2.0/real-ld: cannot find -lpthreads
collect2: error: ld returned 1 exit status
CMakeFiles/cmTC_94f4a.dir/build.make:105: recipe for target 'cmTC_94f4a' failed
make[1]: *** [cmTC_94f4a] Error 1
make[1]: Leaving directory '/home/chj/workspace/project/end_3/CMakeFiles/CMakeTmp'
Makefile:140: recipe for target 'cmTC_94f4a/fast' failed
make: *** [cmTC_94f4a/fast] Error 2



